Version 1.14:
-Better (W) and items usage.

Emergencial Update:
Version 1.12:
-Fixed problem in Q.
-Fixed problem in Q wihout VPrediction.

Version 1.11:
-Triple-q-aa speed improved.
-Range options: 
--Now range is a mode: "Q", "E" or Custom.
-(W) and items fixed.
-Code tweaks.

Version 1.10:
-Lane/Jungle
--Added mode: "Free Walk" and "Auto Walk"
--Option to disable or enable Q,W and E
-Harass:
-Fixed a problem that don't let it work.
--Added option to enabled or disable Q,W and E
-Fixed a problem with (W)

Version 1.0:
-Release
